<?xml version="1.0" encoding="UTF-8"?>
<testng-results ignored="0" total="1" passed="1" failed="0" skipped="0">
  <reporter-output>
  </reporter-output>
  <suite started-at="2024-06-11T20:34:09 IST" name="Suite" finished-at="2024-06-11T20:34:40 IST" duration-ms="30943">
    <groups>
    </groups>
    <test started-at="2024-06-11T20:34:09 IST" name="Test" finished-at="2024-06-11T20:34:40 IST" duration-ms="30943">
      <class name="capstone_runnerclass.Capstone_Runner">
        <test-method is-config="true" signature="beforetest()[pri:0, instance:capstone_runnerclass.Capstone_Runner@35dab4eb]" started-at="2024-06-11T20:34:09 IST" name="beforetest" finished-at="2024-06-11T20:34:18 IST" duration-ms="8975" status="PASS">
          <reporter-output>
          </reporter-output>
        </test-method> <!-- beforetest -->
        <test-method signature="VerifyPageTitle()[pri:0, instance:capstone_runnerclass.Capstone_Runner@35dab4eb]" started-at="2024-06-11T20:34:18 IST" name="VerifyPageTitle" finished-at="2024-06-11T20:34:39 IST" duration-ms="21441" status="PASS">
          <reporter-output>
          </reporter-output>
        </test-method> <!-- VerifyPageTitle -->
        <test-method is-config="true" signature="aftertest()[pri:0, instance:capstone_runnerclass.Capstone_Runner@35dab4eb]" started-at="2024-06-11T20:34:39 IST" name="aftertest" finished-at="2024-06-11T20:34:40 IST" duration-ms="459" status="PASS">
          <reporter-output>
          </reporter-output>
        </test-method> <!-- aftertest -->
      </class> <!-- capstone_runnerclass.Capstone_Runner -->
    </test> <!-- Test -->
  </suite> <!-- Suite -->
</testng-results>
